SolrDispatchFilter.init()
No /solr/home in JNDI
using system property solr.solr.home: solr
looking for solr config file: /home/paul/NetBeansProjects/tomcat6-solr-final/solr/solr.xml
New CoreContainer 19513798
Loading CoreContainer using Solr Home: 'solr/'
new SolrResourceLoader for directory: 'solr/'
Adding 'file:/home/paul/NetBeansProjects/tomcat6-solr-final/solr/lib/mysql-connector-java-5.1.18.jar' to classloader
Adding 'file:/home/paul/NetBeansProjects/tomcat6-solr-final/solr/lib/solr-dataimporthandler-4.3.1.jar' to classloader
Adding 'file:/home/paul/NetBeansProjects/tomcat6-solr-final/solr/lib/solr-dataimporthandler-extras-4.3.1.jar' to classloader
null missing optional solr/str[@name='adminHandler']
null missing optional solr/int[@name='coreLoadThreads']
null missing optional solr/str[@name='coreRootDirectory']
null missing optional solr/solrcloud/int[@name='distribUpdateConnTimeout']
null missing optional solr/solrcloud/int[@name='distribUpdateSoTimeout']
null missing optional solr/solrcloud/str[@name='host']
null missing optional solr/solrcloud/str[@name='hostContext']
null missing optional solr/solrcloud/int[@name='hostPort']
null missing optional solr/solrcloud/int[@name='leaderVoteWait']
null missing optional solr/str[@name='managementPath']
null missing optional solr/str[@name='sharedLib']
null missing optional solr/str[@name='shareSchema']
null missing optional solr/int[@name='transientCacheSize']
null missing optional solr/solrcloud/int[@name='zkClientTimeout']
null missing optional solr/solrcloud/int[@name='zkHost']
null missing optional solr/logging/str[@name='class']
null missing optional solr/logging/str[@name='enabled']
null missing optional solr/logging/watcher/int[@name='size']
null missing optional solr/logging/watcher/int[@name='threshold']
null missing optional solr/@coreLoadThreads
null missing optional solr/@sharedLib
null missing optional solr/@zkHost
null missing optional solr/logging/@class
null missing optional solr/logging/@enabled
null missing optional solr/logging/watcher/@size
null missing optional solr/logging/watcher/@threshold
null missing optional solr/cores/@adminHandler
null missing optional solr/cores/@distribUpdateConnTimeout
null missing optional solr/cores/@distribUpdateSoTimeout
null solr/cores/@host=${host:}
null solr/cores/@hostContext=${hostContext:}
null solr/cores/@hostPort=${jetty.port:}
null missing optional solr/cores/@leaderVoteWait
null missing optional solr/cores/@managementPath
null missing optional solr/cores/@shareSchema
null missing optional solr/cores/@transientCacheSize
null solr/cores/@zkClientTimeout=${zkClientTimeout:15000}
null missing optional solr/shardHandlerFactory/@class
null missing optional solr/shardHandlerFactory/@name
null missing optional solr/shardHandlerFactory/int[@connTimeout]
null missing optional solr/shardHandlerFactory/int[@socketTimeout]
null solr/cores/@defaultCoreName=reports
null solr/@persistent=true
null solr/cores/@adminPath=/admin/cores
null missing optional solr/str[@name='adminHandler']
null missing optional solr/int[@name='coreLoadThreads']
null missing optional solr/str[@name='coreRootDirectory']
null missing optional solr/solrcloud/int[@name='distribUpdateConnTimeout']
null missing optional solr/solrcloud/int[@name='distribUpdateSoTimeout']
null missing optional solr/solrcloud/str[@name='host']
null missing optional solr/solrcloud/str[@name='hostContext']
null missing optional solr/solrcloud/int[@name='hostPort']
null missing optional solr/solrcloud/int[@name='leaderVoteWait']
null missing optional solr/str[@name='managementPath']
null missing optional solr/str[@name='sharedLib']
null missing optional solr/str[@name='shareSchema']
null missing optional solr/int[@name='transientCacheSize']
null missing optional solr/solrcloud/int[@name='zkClientTimeout']
null missing optional solr/solrcloud/int[@name='zkHost']
null missing optional solr/logging/str[@name='class']
null missing optional solr/logging/str[@name='enabled']
null missing optional solr/logging/watcher/int[@name='size']
null missing optional solr/logging/watcher/int[@name='threshold']
null missing optional solr/@coreLoadThreads
null missing optional solr/@sharedLib
null missing optional solr/@zkHost
null missing optional solr/logging/@class
null missing optional solr/logging/@enabled
null missing optional solr/logging/watcher/@size
null missing optional solr/logging/watcher/@threshold
null missing optional solr/cores/@adminHandler
null missing optional solr/cores/@distribUpdateConnTimeout
null missing optional solr/cores/@distribUpdateSoTimeout
null solr/cores/@host=${host:}
null solr/cores/@hostContext=${hostContext:}
null solr/cores/@hostPort=${jetty.port:}
null missing optional solr/cores/@leaderVoteWait
null missing optional solr/cores/@managementPath
null missing optional solr/cores/@shareSchema
null missing optional solr/cores/@transientCacheSize
null solr/cores/@zkClientTimeout=${zkClientTimeout:15000}
null missing optional solr/shardHandlerFactory/@class
null missing optional solr/shardHandlerFactory/@name
null missing optional solr/shardHandlerFactory/int[@connTimeout]
null missing optional solr/shardHandlerFactory/int[@socketTimeout]
null solr/cores/@defaultCoreName=reports
null solr/@persistent=true
null solr/cores/@adminPath=/admin/cores
null missing optional solr/cores/shardHandlerFactory
Setting socketTimeout to: 0
Setting urlScheme to: http://
Setting connTimeout to: 0
Setting maxConnectionsPerHost to: 20
Setting corePoolSize to: 0
Setting maximumPoolSize to: 2147483647
Setting maxThreadIdleTime to: 5
Setting sizeOfQueue to: -1
Setting fairnessPolicy to: false
Creating new http client, config:maxConnectionsPerHost=20&maxConnections=10000&socketTimeout=0&connTimeout=0&retry=false
Registering Log Listener
Creating SolrCore 'reports' using instanceDir: solr/reports-core
new SolrResourceLoader for directory: 'solr/reports-core/'
Adding specified lib dirs to ClassLoader
Can't find (or read) directory to add to classloader: ../../../contrib/extraction/lib (resolved as: /home/paul/NetBeansProjects/tomcat6-solr-final/solr/reports-core/../../../contrib/extraction/lib).
Can't find (or read) directory to add to classloader: ../../../dist/ (resolved as: /home/paul/NetBeansProjects/tomcat6-solr-final/solr/reports-core/../../../dist).
Can't find (or read) directory to add to classloader: ../../../contrib/clustering/lib/ (resolved as: /home/paul/NetBeansProjects/tomcat6-solr-final/solr/reports-core/../../../contrib/clustering/lib).
Can't find (or read) directory to add to classloader: ../../../dist/ (resolved as: /home/paul/NetBeansProjects/tomcat6-solr-final/solr/reports-core/../../../dist).
Can't find (or read) directory to add to classloader: ../../../contrib/langid/lib/ (resolved as: /home/paul/NetBeansProjects/tomcat6-solr-final/solr/reports-core/../../../contrib/langid/lib).
Can't find (or read) directory to add to classloader: ../../../dist/ (resolved as: /home/paul/NetBeansProjects/tomcat6-solr-final/solr/reports-core/../../../dist).
Can't find (or read) directory to add to classloader: ../../../contrib/velocity/lib (resolved as: /home/paul/NetBeansProjects/tomcat6-solr-final/solr/reports-core/../../../contrib/velocity/lib).
Can't find (or read) directory to add to classloader: ../../../dist/ (resolved as: /home/paul/NetBeansProjects/tomcat6-solr-final/solr/reports-core/../../../dist).
Adding 'file:/home/paul/NetBeansProjects/tomcat6-solr-final/solr/lib/mysql-connector-java-5.1.18.jar' to classloader
Adding 'file:/home/paul/NetBeansProjects/tomcat6-solr-final/solr/lib/solr-dataimporthandler-4.3.1.jar' to classloader
Adding 'file:/home/paul/NetBeansProjects/tomcat6-solr-final/solr/lib/solr-dataimporthandler-extras-4.3.1.jar' to classloader
Can't find (or read) directory to add to classloader: /non/existent/dir/yields/warning (resolved as: /non/existent/dir/yields/warning).
solrconfig.xml luceneMatchVersion=LUCENE_43
solrconfig.xml missing optional indexDefaults/text()
solrconfig.xml missing optional mainIndex/text()
solrconfig.xml indexConfig/text()=
    
solrconfig.xml missing optional indexConfig/mergeScheduler/text()
solrconfig.xml missing optional indexConfig/mergePolicy/text()
solrconfig.xml missing optional indexConfig/luceneAutoCommit
solrconfig.xml missing optional indexConfig/useCompoundFile
solrconfig.xml missing optional indexConfig/maxBufferedDocs
solrconfig.xml missing optional indexConfig/maxMergeDocs
solrconfig.xml missing optional indexConfig/maxIndexingThreads
solrconfig.xml missing optional indexConfig/mergeFactor
solrconfig.xml missing optional indexConfig/ramBufferSizeMB
solrconfig.xml missing optional indexConfig/writeLockTimeout
solrconfig.xml indexConfig/lockType=native
solrconfig.xml missing optional indexConfig/termIndexInterval
solrconfig.xml missing optional indexConfig/infoStream
solrconfig.xml missing optional indexConfig/reopenReaders
solrconfig.xml query/maxBooleanClauses=1024
Using Lucene MatchVersion: LUCENE_43
solrconfig.xml missing optional query/boolTofilterOptimizer
solrconfig.xml missing optional query/HashDocSet
solrconfig.xml missing optional query/useFilterForSortedQuery
solrconfig.xml query/queryResultWindowSize=20
solrconfig.xml query/queryResultMaxDocsCached=200
solrconfig.xml query/enableLazyFieldLoading=true
solrconfig.xml missing optional query/fieldValueCache
solrconfig.xml missing optional indexConfig/unlockOnStartup
solrconfig.xml query/useColdSearcher=false
solrconfig.xml dataDir=
solrconfig.xml missing optional //HashDocSet/@loadFactor
solrconfig.xml missing optional //HashDocSet/@maxSize
solrconfig.xml requestDispatcher/httpCaching/@never304=true
solrconfig.xml missing optional requestDispatcher/httpCaching/@etagSeed
solrconfig.xml missing optional requestDispatcher/httpCaching/@lastModFrom
solrconfig.xml missing optional requestDispatcher/httpCaching/cacheControl
solrconfig.xml missing optional jmx/@agentId
solrconfig.xml missing optional jmx/@serviceUrl
solrconfig.xml missing optional jmx/@rootName
solrconfig.xml query/maxWarmingSearchers=2
solrconfig.xml updateHandler/@class=solr.DirectUpdateHandler2
solrconfig.xml missing optional updateHandler/autoCommit/maxDocs
solrconfig.xml updateHandler/autoCommit/maxTime=15000
solrconfig.xml updateHandler/autoCommit/openSearcher=false
solrconfig.xml missing optional updateHandler/commitIntervalLowerBound
solrconfig.xml missing optional updateHandler/autoSoftCommit/maxDocs
solrconfig.xml missing optional updateHandler/autoSoftCommit/maxTime
solrconfig.xml missing optional updateHandler/commitWithin/softCommit
Loaded SolrConfig: solrconfig.xml
Reading Solr Schema from schema.xml
Schema name=todo
schema /schema/@version=1.5
created long: org.apache.solr.schema.TrieLongField
created string: org.apache.solr.schema.StrField
created text_general: org.apache.solr.schema.TextField
created date: org.apache.solr.schema.DateField
created : org.apache.lucene.analysis.standard.StandardTokenizerFactory
created : org.apache.lucene.analysis.core.StopFilterFactory
created : org.apache.lucene.analysis.synonym.SynonymFilterFactory
created : org.apache.lucene.analysis.core.LowerCaseFilterFactory
created : org.apache.lucene.analysis.standard.StandardTokenizerFactory
created : org.apache.lucene.analysis.core.StopFilterFactory
created : org.apache.lucene.analysis.core.LowerCaseFilterFactory
created text_ws: org.apache.solr.schema.TextField
created : org.apache.lucene.analysis.charfilter.MappingCharFilterFactory
created : org.apache.lucene.analysis.core.WhitespaceTokenizerFactory
created : org.apache.lucene.analysis.core.LowerCaseFilterFactory
created text_ws2: org.apache.solr.schema.TextField
created : org.apache.lucene.analysis.standard.StandardTokenizerFactory
created : org.apache.lucene.analysis.core.LowerCaseFilterFactory
created : org.apache.lucene.analysis.core.StopFilterFactory
created : org.apache.lucene.analysis.miscellaneous.LengthFilterFactory
created text_spell: org.apache.solr.schema.TextField
field defined: id{type=long,properties=indexed,stored,omitNorms,omitTermFreqAndPositions,required, required=true}
id is required in this schema
field defined: performer{type=text_ws,properties=indexed,tokenized,stored}
field defined: activity{type=text_ws,properties=indexed,tokenized,stored}
field defined: startDate{type=date,properties=indexed,stored,omitNorms,omitTermFreqAndPositions}
field defined: endDate{type=date,properties=indexed,stored,omitNorms,omitTermFreqAndPositions}
field defined: text{type=text_general,properties=indexed,tokenized,multiValued}
field defined: spell{type=text_spell,properties=indexed,tokenized,multiValued}
field defined: _version_{type=long,properties=indexed,stored,omitNorms,omitTermFreqAndPositions}
default search field in schema is performer
using default query parser operator (OR)
unique key field: id
copyField source='performer' dest='text' maxChars=0
copyField source='activity' dest='text' maxChars=0
copyField source='text' dest='spell' maxChars=0
solr.NRTCachingDirectoryFactory
[reports] Opening new SolrCore at solr/reports-core/, dataDir=/home/paul/NetBeansProjects/tomcat6-solr-final/solr/reports-core/data/
JMX monitoring is enabled. Adding Solr mbeans to JMX Server: com.sun.jmx.mbeanserver.JmxMBeanServer@156b779
[reports] Added SolrEventListener for newSearcher: org.apache.solr.core.QuerySenderListener{queries=[]}
[reports] Added SolrEventListener for firstSearcher: org.apache.solr.core.QuerySenderListener{queries=[{q=static firstSearcher warming in solrconfig.xml}]}
solr.NRTCachingDirectoryFactory
return new directory for /home/paul/NetBeansProjects/tomcat6-solr-final/solr/reports-core/data
Releasing directory: /home/paul/NetBeansProjects/tomcat6-solr-final/solr/reports-core/data 0 false
New index directory detected: old=null new=/home/paul/NetBeansProjects/tomcat6-solr-final/solr/reports-core/data/index/
return new directory for /home/paul/NetBeansProjects/tomcat6-solr-final/solr/reports-core/data/index
Releasing directory: /home/paul/NetBeansProjects/tomcat6-solr-final/solr/reports-core/data/index 0 false
created json: solr.JSONResponseWriter
adding lazy queryResponseWriter: solr.VelocityResponseWriter
created velocity: solr.VelocityResponseWriter
created xslt: solr.XSLTResponseWriter
xsltCacheLifetimeSeconds=5
created /select: solr.SearchHandler
created /query: solr.SearchHandler
created /get: solr.RealTimeGetHandler
created /browse: solr.SearchHandler
created /update: solr.UpdateRequestHandler
created /update/json: solr.JsonUpdateRequestHandler
created /update/csv: solr.CSVRequestHandler
adding lazy requestHandler: solr.extraction.ExtractingRequestHandler
created /update/extract: solr.extraction.ExtractingRequestHandler
adding lazy requestHandler: solr.FieldAnalysisRequestHandler
created /analysis/field: solr.FieldAnalysisRequestHandler
adding lazy requestHandler: solr.DocumentAnalysisRequestHandler
created /analysis/document: solr.DocumentAnalysisRequestHandler
created /admin/: solr.admin.AdminHandlers
created /dataimport: org.apache.solr.handler.dataimport.DataImportHandler
created /admin/ping: solr.PingRequestHandler
created /debug/dump: solr.DumpRequestHandler
created /replication: solr.ReplicationHandler
adding lazy requestHandler: solr.SearchHandler
created /spell: solr.SearchHandler
adding lazy requestHandler: solr.SearchHandler
created /tvrh: solr.SearchHandler
adding lazy requestHandler: solr.SearchHandler
created /terms: solr.SearchHandler
adding lazy requestHandler: solr.SearchHandler
created /elevate: solr.SearchHandler
Unable to set the 'reuse-instance' property for the input chain: com.ctc.wstx.stax.WstxInputFactory@1b3bb3a
xsltCacheLifetimeSeconds=60
Unable to set the 'reuse-instance' property for the input chain: com.ctc.wstx.stax.WstxInputFactory@12f88f0
xsltCacheLifetimeSeconds=60
Unable to set the 'reuse-instance' property for the input chain: com.ctc.wstx.stax.WstxInputFactory@1682259
xsltCacheLifetimeSeconds=60
solrconfig.xml missing optional admin/gettableFiles
solrconfig.xml missing optional //bool[@name='facet.sort']
Reusing cached directory: CachedDir<<refCount=1;path=/home/paul/NetBeansProjects/tomcat6-solr-final/solr/reports-core/data;done=false>>
Releasing directory: /home/paul/NetBeansProjects/tomcat6-solr-final/solr/reports-core/data 0 false
Reusing cached directory: CachedDir<<refCount=1;path=/home/paul/NetBeansProjects/tomcat6-solr-final/solr/reports-core/data/index;done=false>>
Opening Searcher@198ca15 main
UpdateHandler init: tlogDir=/home/paul/NetBeansProjects/tomcat6-solr-final/solr/reports-core/data/tlog, existing tlogs=[tlog.0000000000000000006], next id=7
New TransactionLog file=/home/paul/NetBeansProjects/tomcat6-solr-final/solr/reports-core/data/tlog/tlog.0000000000000000006, exists=true, size=1824004, openExisting=true
Hard AutoCommit: if uncommited for 15000ms; 
Soft AutoCommit: disabled
Initializing spell checkers
init: {name=default,field=text,classname=solr.DirectSolrSpellChecker,distanceMeasure=internal,accuracy=0.5,maxEdits=2,minPrefix=1,maxInspections=5,minQueryLength=4,maxQueryFrequency=0.01}
No queryConverter defined, using default converter
Loading QueryElevation from: /home/paul/NetBeansProjects/tomcat6-solr-final/solr/reports-core/conf/elevate.xml
Adding  component:org.apache.solr.handler.component.QueryComponent@1b80c53
Adding  component:org.apache.solr.handler.component.FacetComponent@31587f
Adding  component:org.apache.solr.handler.component.MoreLikeThisComponent@1a916ab
Adding  component:org.apache.solr.handler.component.HighlightComponent@f4cff
Adding  component:org.apache.solr.handler.component.StatsComponent@87fc74
Adding  debug component:org.apache.solr.handler.component.DebugComponent@1cf500d
Adding  component:org.apache.solr.handler.component.QueryComponent@1b80c53
Adding  component:org.apache.solr.handler.component.FacetComponent@31587f
Adding  component:org.apache.solr.handler.component.MoreLikeThisComponent@1a916ab
Adding  component:org.apache.solr.handler.component.HighlightComponent@f4cff
Adding  component:org.apache.solr.handler.component.StatsComponent@87fc74
Adding  debug component:org.apache.solr.handler.component.DebugComponent@1cf500d
Adding  component:org.apache.solr.handler.component.RealTimeGetComponent@190c3f5
Adding  component:org.apache.solr.handler.component.QueryComponent@1b80c53
Adding  component:org.apache.solr.handler.component.FacetComponent@31587f
Adding  component:org.apache.solr.handler.component.MoreLikeThisComponent@1a916ab
Adding  component:org.apache.solr.handler.component.HighlightComponent@f4cff
Adding  component:org.apache.solr.handler.component.StatsComponent@87fc74
Adding  component:org.apache.solr.handler.component.SpellCheckComponent@13116ef
Adding  debug component:org.apache.solr.handler.component.DebugComponent@1cf500d
Commits will be reserved for  10000
Reusing cached directory: CachedDir<<refCount=1;path=/home/paul/NetBeansProjects/tomcat6-solr-final/solr/reports-core/data;done=false>>
QuerySenderListener sending requests to Searcher@198ca15 main{StandardDirectoryReader(segments_8:36 _7(4.3):C21141 _8(4.3):C6718 _9(4.3):C43943 _a(4.3):C7708 _b(4.3):C9453)}
Releasing directory: /home/paul/NetBeansProjects/tomcat6-solr-final/solr/reports-core/data 0 false
Reusing cached directory: CachedDir<<refCount=1;path=/home/paul/NetBeansProjects/tomcat6-solr-final/solr/reports-core/data;done=false>>
Releasing directory: /home/paul/NetBeansProjects/tomcat6-solr-final/solr/reports-core/data 0 false
Reusing cached directory: CachedDir<<refCount=2;path=/home/paul/NetBeansProjects/tomcat6-solr-final/solr/reports-core/data/index;done=false>>
Releasing directory: /home/paul/NetBeansProjects/tomcat6-solr-final/solr/reports-core/data/index 1 false
[reports] webapp=null path=null params={event=firstSearcher&q=static+firstSearcher+warming+in+solrconfig.xml&distrib=false} hits=0 status=0 QTime=64 
QuerySenderListener done.
Loading spell index for spellchecker: default
Loading spell index for spellchecker: wordbreak
[reports] Registered new searcher Searcher@198ca15 main{StandardDirectoryReader(segments_8:36 _7(4.3):C21141 _8(4.3):C6718 _9(4.3):C43943 _a(4.3):C7708 _b(4.3):C9453)}
registering core: reports
user.dir=/home/paul/NetBeansProjects/tomcat6-solr-final
SolrDispatchFilter.init() done
